This file contains any messages produced by compilers while
running configure, to aid debugging if configure makes a mistake.

It was created by bruteforce-salted-openssl configure 1.5.0, which was
generated by GNU Autoconf 2.71.  Invocation command line was

  $ ./configure

## --------- ##
## Platform. ##
## --------- ##

hostname = kali
uname -m = x86_64
uname -r = 6.6.9-amd64
uname -s = Linux
uname -v = #1 SMP PREEMPT_DYNAMIC Kali 6.6.9-1kali1 (2024-01-08)

/usr/bin/uname -p = unknown
/bin/uname -X     = unknown

/bin/arch              = x86_64
/usr/bin/arch -k       = unknown
/usr/convex/getsysinfo = unknown
/usr/bin/hostinfo      = unknown
/bin/machine           = unknown
/usr/bin/oslevel       = unknown
/bin/universe          = unknown

PATH: /usr/local/sbin/
PATH: /usr/local/bin/
PATH: /usr/sbin/
PATH: /usr/bin/
PATH: /sbin/
PATH: /bin/
PATH: /usr/local/games/
PATH: /usr/games/


## ----------- ##
## Core tests. ##
## ----------- ##

configure:2279: looking for aux files: compile missing install-sh
configure:2292:  trying ./
configure:2321:   ./compile found
configure:2321:   ./missing found
configure:2303:   ./install-sh found
configure:2450: checking for a BSD-compatible install
configure:2523: result: /usr/bin/install -c
configure:2534: checking whether build environment is sane
configure:2589: result: yes
configure:2748: checking for a race-free mkdir -p
configure:2792: result: /usr/bin/mkdir -p
configure:2799: checking for gawk
configure:2820: found /usr/bin/gawk
configure:2831: result: gawk
configure:2842: checking whether make sets $(MAKE)
configure:2865: result: yes
configure:2895: checking whether make supports nested variables
configure:2913: result: yes
configure:3113: checking for gcc
configure:3134: found /usr/bin/gcc
configure:3145: result: gcc
configure:3498: checking for C compiler version
configure:3507: gcc --version >&5
gcc (Debian 13.2.0-13) 13.2.0
Copyright (C) 2023 Free Software Foundation, Inc.
This is free software; see the source for copying conditions.  There is NO
warranty; not even for MERCHANTABILITY or FITNESS FOR A PARTICULAR PURPOSE.

configure:3518: $? = 0
configure:3507: gcc -v >&5
Using built-in specs.
COLLECT_GCC=gcc
COLLECT_LTO_WRAPPER=/usr/libexec/gcc/x86_64-linux-gnu/13/lto-wrapper
OFFLOAD_TARGET_NAMES=nvptx-none:amdgcn-amdhsa
OFFLOAD_TARGET_DEFAULT=1
Target: x86_64-linux-gnu
Configured with: ../src/configure -v --with-pkgversion='Debian 13.2.0-13' --with-bugurl=file:///usr/share/doc/gcc-13/README.Bugs --enable-languages=c,ada,c++,go,d,fortran,objc,obj-c++,m2 --prefix=/usr --with-gcc-major-version-only --program-suffix=-13 --program-prefix=x86_64-linux-gnu- --enable-shared --enable-linker-build-id --libexecdir=/usr/libexec --without-included-gettext --enable-threads=posix --libdir=/usr/lib --enable-nls --enable-clocale=gnu --enable-libstdcxx-debug --enable-libstdcxx-time=yes --with-default-libstdcxx-abi=new --enable-libstdcxx-backtrace --enable-gnu-unique-object --disable-vtable-verify --enable-plugin --enable-default-pie --with-system-zlib --enable-libphobos-checking=release --with-target-system-zlib=auto --enable-objc-gc=auto --enable-multiarch --disable-werror --enable-cet --with-arch-32=i686 --with-abi=m64 --with-multilib-list=m32,m64,mx32 --enable-multilib --with-tune=generic --enable-offload-targets=nvptx-none=/build/reproducible-path/gcc-13-13.2.0/debian/tmp-nvptx/usr,amdgcn-amdhsa=/build/reproducible-path/gcc-13-13.2.0/debian/tmp-gcn/usr --enable-offload-defaulted --without-cuda-driver --enable-checking=release --build=x86_64-linux-gnu --host=x86_64-linux-gnu --target=x86_64-linux-gnu
Thread model: posix
Supported LTO compression algorithms: zlib zstd
gcc version 13.2.0 (Debian 13.2.0-13) 
... rest of stderr output deleted ...
configure:3518: $? = 0
configure:3507: gcc -V >&5
gcc: error: unrecognized command-line option '-V'
gcc: fatal error: no input files
compilation terminated.
configure:3518: $? = 1
configure:3507: gcc -qversion >&5
gcc: error: unrecognized command-line option '-qversion'; did you mean '--version'?
gcc: fatal error: no input files
compilation terminated.
configure:3518: $? = 1
configure:3507: gcc -version >&5
gcc: error: unrecognized command-line option '-version'
gcc: fatal error: no input files
compilation terminated.
configure:3518: $? = 1
configure:3538: checking whether the C compiler works
configure:3560: gcc    conftest.c  >&5
configure:3564: $? = 0
configure:3614: result: yes
configure:3617: checking for C compiler default output file name
configure:3619: result: a.out
configure:3625: checking for suffix of executables
configure:3632: gcc -o conftest    conftest.c  >&5
configure:3636: $? = 0
configure:3659: result: 
configure:3681: checking whether we are cross compiling
configure:3689: gcc -o conftest    conftest.c  >&5
configure:3693: $? = 0
configure:3700: ./conftest
configure:3704: $? = 0
configure:3719: result: no
configure:3724: checking for suffix of object files
configure:3747: gcc -c   conftest.c >&5
configure:3751: $? = 0
configure:3773: result: o
configure:3777: checking whether the compiler supports GNU C
configure:3797: gcc -c   conftest.c >&5
configure:3797: $? = 0
configure:3807: result: yes
configure:3818: checking whether gcc accepts -g
configure:3839: gcc -c -g  conftest.c >&5
configure:3839: $? = 0
configure:3883: result: yes
configure:3903: checking for gcc option to enable C11 features
configure:3918: gcc  -c -g -O2  conftest.c >&5
configure:3918: $? = 0
configure:3936: result: none needed
configure:4052: checking whether gcc understands -c and -o together
configure:4075: gcc -c conftest.c -o conftest2.o
configure:4078: $? = 0
configure:4075: gcc -c conftest.c -o conftest2.o
configure:4078: $? = 0
configure:4090: result: yes
configure:4110: checking whether make supports the include directive
configure:4125: make -f confmf.GNU && cat confinc.out
this is the am__doit target
configure:4128: $? = 0
configure:4147: result: yes (GNU style)
configure:4173: checking dependency style of gcc
configure:4285: result: gcc3
configure:4307: checking for stdio.h
configure:4307: gcc -c -g -O2  conftest.c >&5
configure:4307: $? = 0
configure:4307: result: yes
configure:4307: checking for stdlib.h
configure:4307: gcc -c -g -O2  conftest.c >&5
configure:4307: $? = 0
configure:4307: result: yes
configure:4307: checking for string.h
configure:4307: gcc -c -g -O2  conftest.c >&5
configure:4307: $? = 0
configure:4307: result: yes
configure:4307: checking for inttypes.h
configure:4307: gcc -c -g -O2  conftest.c >&5
configure:4307: $? = 0
configure:4307: result: yes
configure:4307: checking for stdint.h
configure:4307: gcc -c -g -O2  conftest.c >&5
configure:4307: $? = 0
configure:4307: result: yes
configure:4307: checking for strings.h
configure:4307: gcc -c -g -O2  conftest.c >&5
configure:4307: $? = 0
configure:4307: result: yes
configure:4307: checking for sys/stat.h
configure:4307: gcc -c -g -O2  conftest.c >&5
configure:4307: $? = 0
configure:4307: result: yes
configure:4307: checking for sys/types.h
configure:4307: gcc -c -g -O2  conftest.c >&5
configure:4307: $? = 0
configure:4307: result: yes
configure:4307: checking for unistd.h
configure:4307: gcc -c -g -O2  conftest.c >&5
configure:4307: $? = 0
configure:4307: result: yes
configure:4332: checking for ctype.h
configure:4332: gcc -c -g -O2  conftest.c >&5
configure:4332: $? = 0
configure:4332: result: yes
configure:4338: checking for fcntl.h
configure:4338: gcc -c -g -O2  conftest.c >&5
configure:4338: $? = 0
configure:4338: result: yes
configure:4344: checking for locale.h
configure:4344: gcc -c -g -O2  conftest.c >&5
configure:4344: $? = 0
configure:4344: result: yes
configure:4350: checking for math.h
configure:4350: gcc -c -g -O2  conftest.c >&5
configure:4350: $? = 0
configure:4350: result: yes
configure:4356: checking for stdio.h
configure:4356: result: yes
configure:4362: checking for stdlib.h
configure:4362: result: yes
configure:4368: checking for string.h
configure:4368: result: yes
configure:4374: checking for sys/stat.h
configure:4374: result: yes
configure:4380: checking for sys/time.h
configure:4380: gcc -c -g -O2  conftest.c >&5
configure:4380: $? = 0
configure:4380: result: yes
configure:4386: checking for sys/types.h
configure:4386: result: yes
configure:4392: checking for time.h
configure:4392: gcc -c -g -O2  conftest.c >&5
configure:4392: $? = 0
configure:4392: result: yes
configure:4398: checking for unistd.h
configure:4398: result: yes
configure:4404: checking for wchar.h
configure:4404: gcc -c -g -O2  conftest.c >&5
configure:4404: $? = 0
configure:4404: result: yes
configure:4412: checking for calloc
configure:4412: gcc -o conftest -g -O2   conftest.c  >&5
conftest.c:50:6: warning: conflicting types for built-in function 'calloc'; expected 'void *(long unsigned int,  long unsigned int)' [-Wbuiltin-declaration-mismatch]
   50 | char calloc ();
      |      ^~~~~~
conftest.c:42:1: note: 'calloc' is declared in header '<stdlib.h>'
   41 | #include <limits.h>
   42 | #undef calloc
configure:4412: $? = 0
configure:4412: result: yes
configure:4418: checking for malloc
configure:4418: gcc -o conftest -g -O2   conftest.c  >&5
conftest.c:51:6: warning: conflicting types for built-in function 'malloc'; expected 'void *(long unsigned int)' [-Wbuiltin-declaration-mismatch]
   51 | char malloc ();
      |      ^~~~~~
conftest.c:43:1: note: 'malloc' is declared in header '<stdlib.h>'
   42 | #include <limits.h>
   43 | #undef malloc
configure:4418: $? = 0
configure:4418: result: yes
configure:4424: checking for realloc
configure:4424: gcc -o conftest -g -O2   conftest.c  >&5
conftest.c:52:6: warning: conflicting types for built-in function 'realloc'; expected 'void *(void *, long unsigned int)' [-Wbuiltin-declaration-mismatch]
   52 | char realloc ();
      |      ^~~~~~~
conftest.c:44:1: note: 'realloc' is declared in header '<stdlib.h>'
   43 | #include <limits.h>
   44 | #undef realloc
configure:4424: $? = 0
configure:4424: result: yes
configure:4430: checking for free
configure:4430: gcc -o conftest -g -O2   conftest.c  >&5
conftest.c:53:6: warning: conflicting types for built-in function 'free'; expected 'void(void *)' [-Wbuiltin-declaration-mismatch]
   53 | char free ();
      |      ^~~~
conftest.c:45:1: note: 'free' is declared in header '<stdlib.h>'
   44 | #include <limits.h>
   45 | #undef free
configure:4430: $? = 0
configure:4430: result: yes
configure:4437: checking for perror
configure:4437: gcc -o conftest -g -O2   conftest.c  >&5
configure:4437: $? = 0
configure:4437: result: yes
configure:4443: checking for printf
configure:4443: gcc -o conftest -g -O2   conftest.c  >&5
conftest.c:55:6: warning: conflicting types for built-in function 'printf'; expected 'int(const char *, ...)' [-Wbuiltin-declaration-mismatch]
   55 | char printf ();
      |      ^~~~~~
conftest.c:47:1: note: 'printf' is declared in header '<stdio.h>'
   46 | #include <limits.h>
   47 | #undef printf
configure:4443: $? = 0
configure:4443: result: yes
configure:4449: checking for fprintf
configure:4449: gcc -o conftest -g -O2   conftest.c  >&5
conftest.c:56:6: warning: conflicting types for built-in function 'fprintf'; expected 'int(void *, const char *, ...)' [-Wbuiltin-declaration-mismatch]
   56 | char fprintf ();
      |      ^~~~~~~
conftest.c:48:1: note: 'fprintf' is declared in header '<stdio.h>'
   47 | #include <limits.h>
   48 | #undef fprintf
configure:4449: $? = 0
configure:4449: result: yes
configure:4455: checking for snprintf
configure:4455: gcc -o conftest -g -O2   conftest.c  >&5
conftest.c:57:6: warning: conflicting types for built-in function 'snprintf'; expected 'int(char *, long unsigned int,  const char *, ...)' [-Wbuiltin-declaration-mismatch]
   57 | char snprintf ();
      |      ^~~~~~~~
conftest.c:49:1: note: 'snprintf' is declared in header '<stdio.h>'
   48 | #include <limits.h>
   49 | #undef snprintf
configure:4455: $? = 0
configure:4455: result: yes
configure:4462: checking for fopen
configure:4462: gcc -o conftest -g -O2   conftest.c  >&5
configure:4462: $? = 0
configure:4462: result: yes
configure:4468: checking for fgetc
configure:4468: gcc -o conftest -g -O2   conftest.c  >&5
configure:4468: $? = 0
configure:4468: result: yes
configure:4475: checking for atoi
configure:4475: gcc -o conftest -g -O2   conftest.c  >&5
configure:4475: $? = 0
configure:4475: result: yes
configure:4481: checking for atol
configure:4481: gcc -o conftest -g -O2   conftest.c  >&5
configure:4481: $? = 0
configure:4481: result: yes
configure:4487: checking for isprint
configure:4487: gcc -o conftest -g -O2   conftest.c  >&5
conftest.c:62:6: warning: conflicting types for built-in function 'isprint'; expected 'int(int)' [-Wbuiltin-declaration-mismatch]
   62 | char isprint ();
      |      ^~~~~~~
conftest.c:54:1: note: 'isprint' is declared in header '<ctype.h>'
   53 | #include <limits.h>
   54 | #undef isprint
configure:4487: $? = 0
configure:4487: result: yes
configure:4493: checking for isspace
configure:4493: gcc -o conftest -g -O2   conftest.c  >&5
conftest.c:63:6: warning: conflicting types for built-in function 'isspace'; expected 'int(int)' [-Wbuiltin-declaration-mismatch]
   63 | char isspace ();
      |      ^~~~~~~
conftest.c:55:1: note: 'isspace' is declared in header '<ctype.h>'
   54 | #include <limits.h>
   55 | #undef isspace
configure:4493: $? = 0
configure:4493: result: yes
configure:4500: checking for memset
configure:4500: gcc -o conftest -g -O2   conftest.c  >&5
conftest.c:64:6: warning: conflicting types for built-in function 'memset'; expected 'void *(void *, int,  long unsigned int)' [-Wbuiltin-declaration-mismatch]
   64 | char memset ();
      |      ^~~~~~
conftest.c:56:1: note: 'memset' is declared in header '<string.h>'
   55 | #include <limits.h>
   56 | #undef memset
configure:4500: $? = 0
configure:4500: result: yes
configure:4506: checking for strcasecmp
configure:4506: gcc -o conftest -g -O2   conftest.c  >&5
conftest.c:65:6: warning: conflicting types for built-in function 'strcasecmp'; expected 'int(const char *, const char *)' [-Wbuiltin-declaration-mismatch]
   65 | char strcasecmp ();
      |      ^~~~~~~~~~
configure:4506: $? = 0
configure:4506: result: yes
configure:4512: checking for strlen
configure:4512: gcc -o conftest -g -O2   conftest.c  >&5
conftest.c:66:6: warning: conflicting types for built-in function 'strlen'; expected 'long unsigned int(const char *)' [-Wbuiltin-declaration-mismatch]
   66 | char strlen ();
      |      ^~~~~~
conftest.c:58:1: note: 'strlen' is declared in header '<string.h>'
   57 | #include <limits.h>
   58 | #undef strlen
configure:4512: $? = 0
configure:4512: result: yes
configure:4518: checking for strncmp
configure:4518: gcc -o conftest -g -O2   conftest.c  >&5
conftest.c:67:6: warning: conflicting types for built-in function 'strncmp'; expected 'int(const char *, const char *, long unsigned int)' [-Wbuiltin-declaration-mismatch]
   67 | char strncmp ();
      |      ^~~~~~~
conftest.c:59:1: note: 'strncmp' is declared in header '<string.h>'
   58 | #include <limits.h>
   59 | #undef strncmp
configure:4518: $? = 0
configure:4518: result: yes
configure:4524: checking for strncpy
configure:4524: gcc -o conftest -g -O2   conftest.c  >&5
conftest.c:68:6: warning: conflicting types for built-in function 'strncpy'; expected 'char *(char *, const char *, long unsigned int)' [-Wbuiltin-declaration-mismatch]
   68 | char strncpy ();
      |      ^~~~~~~
conftest.c:60:1: note: 'strncpy' is declared in header '<string.h>'
   59 | #include <limits.h>
   60 | #undef strncpy
configure:4524: $? = 0
configure:4524: result: yes
configure:4531: checking for setlocale
configure:4531: gcc -o conftest -g -O2   conftest.c  >&5
configure:4531: $? = 0
configure:4531: result: yes
configure:4537: checking for mbstowcs
configure:4537: gcc -o conftest -g -O2   conftest.c  >&5
configure:4537: $? = 0
configure:4537: result: yes
configure:4543: checking for wcsncpy
configure:4543: gcc -o conftest -g -O2   conftest.c  >&5
configure:4543: $? = 0
configure:4543: result: yes
configure:4549: checking for wcstombs
configure:4549: gcc -o conftest -g -O2   conftest.c  >&5
configure:4549: $? = 0
configure:4549: result: yes
configure:4556: checking for open
configure:4556: gcc -o conftest -g -O2   conftest.c  >&5
configure:4556: $? = 0
configure:4556: result: yes
configure:4562: checking for fstat
configure:4562: gcc -o conftest -g -O2   conftest.c  >&5
configure:4562: $? = 0
configure:4562: result: yes
configure:4568: checking for read
configure:4568: gcc -o conftest -g -O2   conftest.c  >&5
configure:4568: $? = 0
configure:4568: result: yes
configure:4574: checking for close
configure:4574: gcc -o conftest -g -O2   conftest.c  >&5
configure:4574: $? = 0
configure:4574: result: yes
configure:4581: checking for getopt
configure:4581: gcc -o conftest -g -O2   conftest.c  >&5
configure:4581: $? = 0
configure:4581: result: yes
configure:4588: checking for sleep
configure:4588: gcc -o conftest -g -O2   conftest.c  >&5
configure:4588: $? = 0
configure:4588: result: yes
configure:4595: checking for signal
configure:4595: gcc -o conftest -g -O2   conftest.c  >&5
configure:4595: $? = 0
configure:4595: result: yes
configure:4602: checking for localtime
configure:4602: gcc -o conftest -g -O2   conftest.c  >&5
configure:4602: $? = 0
configure:4602: result: yes
configure:4608: checking for strftime
configure:4608: gcc -o conftest -g -O2   conftest.c  >&5
conftest.c:81:6: warning: conflicting types for built-in function 'strftime'; expected 'long unsigned int(char *, long unsigned int,  const char *, const void *)' [-Wbuiltin-declaration-mismatch]
   81 | char strftime ();
      |      ^~~~~~~~
conftest.c:73:1: note: 'strftime' is declared in header '<time.h>'
   72 | #include <limits.h>
   73 | #undef strftime
configure:4608: $? = 0
configure:4608: result: yes
configure:4614: checking for time
configure:4614: gcc -o conftest -g -O2   conftest.c  >&5
configure:4614: $? = 0
configure:4614: result: yes
configure:4622: checking for pow in -lm
configure:4645: gcc -o conftest -g -O2   conftest.c -lm   >&5
conftest.c:71:6: warning: conflicting types for built-in function 'pow'; expected 'double(double,  double)' [-Wbuiltin-declaration-mismatch]
   71 | char pow ();
      |      ^~~
conftest.c:1:1: note: 'pow' is declared in header '<math.h>'
    1 | /* confdefs.h */
configure:4645: $? = 0
configure:4655: result: yes
configure:4668: checking for pthread_create in -lpthread
configure:4691: gcc -o conftest -g -O2   conftest.c -lpthread  -lm  >&5
configure:4691: $? = 0
configure:4701: result: yes
configure:4715: checking for pthread.h
configure:4715: gcc -c -g -O2  conftest.c >&5
configure:4715: $? = 0
configure:4715: result: yes
configure:4726: checking for EVP_get_cipherbyname in -lcrypto
configure:4749: gcc -o conftest -g -O2   conftest.c -lcrypto  -lpthread -lm  >&5
/usr/bin/ld: cannot find -lcrypto: No such file or directory
collect2: error: ld returned 1 exit status
configure:4749: $? = 1
configure: failed program was:
| /* confdefs.h */
| #define PACKAGE_NAME "bruteforce-salted-openssl"
| #define PACKAGE_TARNAME "bruteforce-salted-openssl"
| #define PACKAGE_VERSION "1.5.0"
| #define PACKAGE_STRING "bruteforce-salted-openssl 1.5.0"
| #define PACKAGE_BUGREPORT ""
| #define PACKAGE_URL ""
| #define PACKAGE "bruteforce-salted-openssl"
| #define VERSION "1.5.0"
| #define HAVE_STDIO_H 1
| #define HAVE_STDLIB_H 1
| #define HAVE_STRING_H 1
| #define HAVE_INTTYPES_H 1
| #define HAVE_STDINT_H 1
| #define HAVE_STRINGS_H 1
| #define HAVE_SYS_STAT_H 1
| #define HAVE_SYS_TYPES_H 1
| #define HAVE_UNISTD_H 1
| #define STDC_HEADERS 1
| #define HAVE_CTYPE_H 1
| #define HAVE_FCNTL_H 1
| #define HAVE_LOCALE_H 1
| #define HAVE_MATH_H 1
| #define HAVE_STDIO_H 1
| #define HAVE_STDLIB_H 1
| #define HAVE_STRING_H 1
| #define HAVE_SYS_STAT_H 1
| #define HAVE_SYS_TIME_H 1
| #define HAVE_SYS_TYPES_H 1
| #define HAVE_TIME_H 1
| #define HAVE_UNISTD_H 1
| #define HAVE_WCHAR_H 1
| #define HAVE_CALLOC 1
| #define HAVE_MALLOC 1
| #define HAVE_REALLOC 1
| #define HAVE_FREE 1
| #define HAVE_PERROR 1
| #define HAVE_PRINTF 1
| #define HAVE_FPRINTF 1
| #define HAVE_SNPRINTF 1
| #define HAVE_FOPEN 1
| #define HAVE_FGETC 1
| #define HAVE_ATOI 1
| #define HAVE_ATOL 1
| #define HAVE_ISPRINT 1
| #define HAVE_ISSPACE 1
| #define HAVE_MEMSET 1
| #define HAVE_STRCASECMP 1
| #define HAVE_STRLEN 1
| #define HAVE_STRNCMP 1
| #define HAVE_STRNCPY 1
| #define HAVE_SETLOCALE 1
| #define HAVE_MBSTOWCS 1
| #define HAVE_WCSNCPY 1
| #define HAVE_WCSTOMBS 1
| #define HAVE_OPEN 1
| #define HAVE_FSTAT 1
| #define HAVE_READ 1
| #define HAVE_CLOSE 1
| #define HAVE_GETOPT 1
| #define HAVE_SLEEP 1
| #define HAVE_SIGNAL 1
| #define HAVE_LOCALTIME 1
| #define HAVE_STRFTIME 1
| #define HAVE_TIME 1
| #define HAVE_LIBM 1
| #define HAVE_LIBPTHREAD 1
| #define HAVE_PTHREAD_H 1
| /* end confdefs.h.  */
| 
| /* Override any GCC internal prototype to avoid an error.
|    Use char because int might match the return type of a GCC
|    builtin and then its argument prototype would still apply.  */
| char EVP_get_cipherbyname ();
| int
| main (void)
| {
| return EVP_get_cipherbyname ();
|   ;
|   return 0;
| }
configure:4759: result: no
configure:4768: error: OpenSSL libraries required

## ---------------- ##
## Cache variables. ##
## ---------------- ##

ac_cv_c_compiler_gnu=yes
ac_cv_env_CC_set=
ac_cv_env_CC_value=
ac_cv_env_CFLAGS_set=
ac_cv_env_CFLAGS_value=
ac_cv_env_CPPFLAGS_set=
ac_cv_env_CPPFLAGS_value=
ac_cv_env_LDFLAGS_set=
ac_cv_env_LDFLAGS_value=
ac_cv_env_LIBS_set=
ac_cv_env_LIBS_value=
ac_cv_env_build_alias_set=
ac_cv_env_build_alias_value=
ac_cv_env_host_alias_set=
ac_cv_env_host_alias_value=
ac_cv_env_target_alias_set=
ac_cv_env_target_alias_value=
ac_cv_func_atoi=yes
ac_cv_func_atol=yes
ac_cv_func_calloc=yes
ac_cv_func_close=yes
ac_cv_func_fgetc=yes
ac_cv_func_fopen=yes
ac_cv_func_fprintf=yes
ac_cv_func_free=yes
ac_cv_func_fstat=yes
ac_cv_func_getopt=yes
ac_cv_func_isprint=yes
ac_cv_func_isspace=yes
ac_cv_func_localtime=yes
ac_cv_func_malloc=yes
ac_cv_func_mbstowcs=yes
ac_cv_func_memset=yes
ac_cv_func_open=yes
ac_cv_func_perror=yes
ac_cv_func_printf=yes
ac_cv_func_read=yes
ac_cv_func_realloc=yes
ac_cv_func_setlocale=yes
ac_cv_func_signal=yes
ac_cv_func_sleep=yes
ac_cv_func_snprintf=yes
ac_cv_func_strcasecmp=yes
ac_cv_func_strftime=yes
ac_cv_func_strlen=yes
ac_cv_func_strncmp=yes
ac_cv_func_strncpy=yes
ac_cv_func_time=yes
ac_cv_func_wcsncpy=yes
ac_cv_func_wcstombs=yes
ac_cv_header_ctype_h=yes
ac_cv_header_fcntl_h=yes
ac_cv_header_inttypes_h=yes
ac_cv_header_locale_h=yes
ac_cv_header_math_h=yes
ac_cv_header_pthread_h=yes
ac_cv_header_stdint_h=yes
ac_cv_header_stdio_h=yes
ac_cv_header_stdlib_h=yes
ac_cv_header_string_h=yes
ac_cv_header_strings_h=yes
ac_cv_header_sys_stat_h=yes
ac_cv_header_sys_time_h=yes
ac_cv_header_sys_types_h=yes
ac_cv_header_time_h=yes
ac_cv_header_unistd_h=yes
ac_cv_header_wchar_h=yes
ac_cv_lib_crypto_EVP_get_cipherbyname=no
ac_cv_lib_m_pow=yes
ac_cv_lib_pthread_pthread_create=yes
ac_cv_objext=o
ac_cv_path_install='/usr/bin/install -c'
ac_cv_path_mkdir=/usr/bin/mkdir
ac_cv_prog_AWK=gawk
ac_cv_prog_ac_ct_CC=gcc
ac_cv_prog_cc_c11=
ac_cv_prog_cc_g=yes
ac_cv_prog_cc_stdc=
ac_cv_prog_make_make_set=yes
am_cv_CC_dependencies_compiler_type=gcc3
am_cv_make_support_nested_variables=yes
am_cv_prog_cc_c_o=yes

## ----------------- ##
## Output variables. ##
## ----------------- ##

ACLOCAL='${SHELL} '\''/home/kali/Desktop/openssl-bruteforce-avanzado/bruteforce-salted-openssl/missing'\'' aclocal-1.16'
AMDEPBACKSLASH='\'
AMDEP_FALSE='#'
AMDEP_TRUE=''
AMTAR='$${TAR-tar}'
AM_BACKSLASH='\'
AM_DEFAULT_V='$(AM_DEFAULT_VERBOSITY)'
AM_DEFAULT_VERBOSITY='1'
AM_V='$(V)'
AUTOCONF='${SHELL} '\''/home/kali/Desktop/openssl-bruteforce-avanzado/bruteforce-salted-openssl/missing'\'' autoconf'
AUTOHEADER='${SHELL} '\''/home/kali/Desktop/openssl-bruteforce-avanzado/bruteforce-salted-openssl/missing'\'' autoheader'
AUTOMAKE='${SHELL} '\''/home/kali/Desktop/openssl-bruteforce-avanzado/bruteforce-salted-openssl/missing'\'' automake-1.16'
AWK='gawk'
CC='gcc'
CCDEPMODE='depmode=gcc3'
CFLAGS='-g -O2'
CPPFLAGS=''
CSCOPE='cscope'
CTAGS='ctags'
CYGPATH_W='echo'
DEFS=''
DEPDIR='.deps'
ECHO_C=''
ECHO_N='-n'
ECHO_T=''
ETAGS='etags'
EXEEXT=''
INSTALL_DATA='${INSTALL} -m 644'
INSTALL_PROGRAM='${INSTALL}'
INSTALL_SCRIPT='${INSTALL}'
INSTALL_STRIP_PROGRAM='$(install_sh) -c -s'
LDFLAGS=''
LIBOBJS=''
LIBS='-lpthread -lm '
LTLIBOBJS=''
MAKEINFO='${SHELL} '\''/home/kali/Desktop/openssl-bruteforce-avanzado/bruteforce-salted-openssl/missing'\'' makeinfo'
MKDIR_P='/usr/bin/mkdir -p'
OBJEXT='o'
PACKAGE='bruteforce-salted-openssl'
PACKAGE_BUGREPORT=''
PACKAGE_NAME='bruteforce-salted-openssl'
PACKAGE_STRING='bruteforce-salted-openssl 1.5.0'
PACKAGE_TARNAME='bruteforce-salted-openssl'
PACKAGE_URL=''
PACKAGE_VERSION='1.5.0'
PATH_SEPARATOR=':'
SET_MAKE=''
SHELL='/bin/bash'
STRIP=''
VERSION='1.5.0'
ac_ct_CC='gcc'
am__EXEEXT_FALSE=''
am__EXEEXT_TRUE=''
am__fastdepCC_FALSE='#'
am__fastdepCC_TRUE=''
am__include='include'
am__isrc=''
am__leading_dot='.'
am__nodep='_no'
am__quote=''
am__tar='$${TAR-tar} chof - "$$tardir"'
am__untar='$${TAR-tar} xf -'
bindir='${exec_prefix}/bin'
build_alias=''
datadir='${datarootdir}'
datarootdir='${prefix}/share'
docdir='${datarootdir}/doc/${PACKAGE_TARNAME}'
dvidir='${docdir}'
exec_prefix='NONE'
host_alias=''
htmldir='${docdir}'
includedir='${prefix}/include'
infodir='${datarootdir}/info'
install_sh='${SHELL} /home/kali/Desktop/openssl-bruteforce-avanzado/bruteforce-salted-openssl/install-sh'
libdir='${exec_prefix}/lib'
libexecdir='${exec_prefix}/libexec'
localedir='${datarootdir}/locale'
localstatedir='${prefix}/var'
mandir='${datarootdir}/man'
mkdir_p='$(MKDIR_P)'
oldincludedir='/usr/include'
pdfdir='${docdir}'
prefix='NONE'
program_transform_name='s,x,x,'
psdir='${docdir}'
runstatedir='${localstatedir}/run'
sbindir='${exec_prefix}/sbin'
sharedstatedir='${prefix}/com'
sysconfdir='${prefix}/etc'
target_alias=''

## ----------- ##
## confdefs.h. ##
## ----------- ##

/* confdefs.h */
#define PACKAGE_NAME "bruteforce-salted-openssl"
#define PACKAGE_TARNAME "bruteforce-salted-openssl"
#define PACKAGE_VERSION "1.5.0"
#define PACKAGE_STRING "bruteforce-salted-openssl 1.5.0"
#define PACKAGE_BUGREPORT ""
#define PACKAGE_URL ""
#define PACKAGE "bruteforce-salted-openssl"
#define VERSION "1.5.0"
#define HAVE_STDIO_H 1
#define HAVE_STDLIB_H 1
#define HAVE_STRING_H 1
#define HAVE_INTTYPES_H 1
#define HAVE_STDINT_H 1
#define HAVE_STRINGS_H 1
#define HAVE_SYS_STAT_H 1
#define HAVE_SYS_TYPES_H 1
#define HAVE_UNISTD_H 1
#define STDC_HEADERS 1
#define HAVE_CTYPE_H 1
#define HAVE_FCNTL_H 1
#define HAVE_LOCALE_H 1
#define HAVE_MATH_H 1
#define HAVE_STDIO_H 1
#define HAVE_STDLIB_H 1
#define HAVE_STRING_H 1
#define HAVE_SYS_STAT_H 1
#define HAVE_SYS_TIME_H 1
#define HAVE_SYS_TYPES_H 1
#define HAVE_TIME_H 1
#define HAVE_UNISTD_H 1
#define HAVE_WCHAR_H 1
#define HAVE_CALLOC 1
#define HAVE_MALLOC 1
#define HAVE_REALLOC 1
#define HAVE_FREE 1
#define HAVE_PERROR 1
#define HAVE_PRINTF 1
#define HAVE_FPRINTF 1
#define HAVE_SNPRINTF 1
#define HAVE_FOPEN 1
#define HAVE_FGETC 1
#define HAVE_ATOI 1
#define HAVE_ATOL 1
#define HAVE_ISPRINT 1
#define HAVE_ISSPACE 1
#define HAVE_MEMSET 1
#define HAVE_STRCASECMP 1
#define HAVE_STRLEN 1
#define HAVE_STRNCMP 1
#define HAVE_STRNCPY 1
#define HAVE_SETLOCALE 1
#define HAVE_MBSTOWCS 1
#define HAVE_WCSNCPY 1
#define HAVE_WCSTOMBS 1
#define HAVE_OPEN 1
#define HAVE_FSTAT 1
#define HAVE_READ 1
#define HAVE_CLOSE 1
#define HAVE_GETOPT 1
#define HAVE_SLEEP 1
#define HAVE_SIGNAL 1
#define HAVE_LOCALTIME 1
#define HAVE_STRFTIME 1
#define HAVE_TIME 1
#define HAVE_LIBM 1
#define HAVE_LIBPTHREAD 1
#define HAVE_PTHREAD_H 1

configure: exit 1
